2024-01-27 22:11:10,124 __main__ (lichess-bot.py:1023) INFO 
    .   _/|
    .  // o\
    .  || ._)  lichess_bot 2024.1.21.1
    .  //__\
    .  )___(   Play on Lichess with a bot
    
2024-01-27 22:11:10,145 lib.config (config.py:261) DEBUG Config:
token: logger
url: https://lichess.org/
engine:
  dir: ./engines
  name: MctsEngine
  working_dir: ''
  protocol: homemade
  ponder: true
  polyglot:
    enabled: false
    book:
      standard:
      - engines/book1.bin
      - engines/book2.bin
    min_weight: 1
    selection: weighted_random
    max_depth: 20
  draw_or_resign:
    resign_enabled: false
    resign_score: -1000
    resign_for_egtb_minus_two: true
    resign_moves: 3
    offer_draw_enabled: true
    offer_draw_score: 0
    offer_draw_for_egtb_zero: true
    offer_draw_moves: 10
    offer_draw_pieces: 10
  online_moves:
    max_out_of_book_moves: 10
    max_retries: 2
    chessdb_book:
      enabled: false
      min_time: 20
      move_quality: good
      min_depth: 20
    lichess_cloud_analysis:
      enabled: false
      min_time: 20
      move_quality: best
      max_score_difference: 50
      min_depth: 20
      min_knodes: 0
    lichess_opening_explorer:
      enabled: false
      min_time: 20
      source: masters
      player_name: ''
      sort: winrate
      min_games: 10
    online_egtb:
      enabled: false
      min_time: 20
      max_pieces: 7
      source: lichess
      move_quality: best
  lichess_bot_tbs:
    syzygy:
      enabled: false
      paths:
      - engines/syzygy
      max_pieces: 7
      move_quality: best
    gaviota:
      enabled: false
      paths:
      - engines/gaviota
      max_pieces: 5
      min_dtm_to_consider_as_wdl_1: 120
      move_quality: best
  homemade_options: null
  uci_options:
    Move Overhead: 100
    Threads: 4
    Hash: 512
    SyzygyPath: ./syzygy/
    UCI_ShowWDL: true
  silence_stderr: false
abort_time: 30
fake_think_time: false
rate_limiting_delay: 0
move_overhead: 2000
correspondence:
  move_time: 60
  checkin_period: 300
  disconnect_time: 150
  ponder: false
challenge:
  concurrency: 1
  sort_by: best
  accept_bot: true
  only_bot: false
  max_increment: 20
  min_increment: 0
  max_base: 1800
  min_base: 0
  max_days: 14
  min_days: 1
  variants:
  - standard
  time_controls:
  - bullet
  - blitz
  - rapid
  - classical
  modes:
  - casual
  - rated
  bullet_requires_increment: false
greeting:
  hello: Hi! I'm {me}. Good luck! Type !help for a list of commands I can respond
    to.
  goodbye: Good game!
  hello_spectators: Hi! I'm {me}. Type !help for a list of commands I can respond
    to.
  goodbye_spectators: Thanks for watching!
matchmaking:
  allow_matchmaking: false
  challenge_variant: random
  challenge_timeout: 30
  challenge_initial_time:
  - 60
  - 180
  challenge_increment:
  - 1
  - 2
  opponent_rating_difference: 300
  rating_preference: none
  opponent_allow_tos_violation: false
  challenge_mode: random
  challenge_filter: none

2024-01-27 22:11:10,145 lib.config (config.py:262) DEBUG ====================
2024-01-27 22:11:10,150 lib.config (config.py:261) DEBUG Config:
token: logger
url: https://lichess.org/
engine:
  dir: ./engines
  name: MctsEngine
  working_dir: /home/luke/projects/pp-project/chess-engine-pp/lichess_bot
  protocol: homemade
  ponder: true
  polyglot:
    enabled: false
    book:
      standard:
      - engines/book1.bin
      - engines/book2.bin
    min_weight: 1
    selection: weighted_random
    max_depth: 20
  draw_or_resign:
    resign_enabled: false
    resign_score: -1000
    resign_for_egtb_minus_two: true
    resign_moves: 3
    offer_draw_enabled: true
    offer_draw_score: 0
    offer_draw_for_egtb_zero: true
    offer_draw_moves: 10
    offer_draw_pieces: 10
  online_moves:
    max_out_of_book_moves: 10
    max_retries: 2
    chessdb_book:
      enabled: false
      min_time: 20
      move_quality: good
      min_depth: 20
    lichess_cloud_analysis:
      enabled: false
      min_time: 20
      move_quality: best
      max_score_difference: 50
      min_depth: 20
      min_knodes: 0
    lichess_opening_explorer:
      enabled: false
      min_time: 20
      source: masters
      player_name: ''
      sort: winrate
      min_games: 10
    online_egtb:
      enabled: false
      min_time: 20
      max_pieces: 7
      source: lichess
      move_quality: best
    max_depth: .inf
  lichess_bot_tbs:
    syzygy:
      enabled: false
      paths:
      - engines/syzygy
      max_pieces: 7
      move_quality: best
    gaviota:
      enabled: false
      paths:
      - engines/gaviota
      max_pieces: 5
      min_dtm_to_consider_as_wdl_1: 120
      move_quality: best
  homemade_options: null
  uci_options:
    Move Overhead: 100
    Threads: 4
    Hash: 512
    SyzygyPath: ./syzygy/
    UCI_ShowWDL: true
  silence_stderr: false
  uci_ponder: false
abort_time: 30
fake_think_time: false
rate_limiting_delay: 0
move_overhead: 2000
correspondence:
  move_time: 60
  checkin_period: 300
  disconnect_time: 150
  ponder: false
  uci_ponder: false
challenge:
  concurrency: 1
  sort_by: best
  accept_bot: true
  only_bot: false
  max_increment: 20
  min_increment: 0
  max_base: 1800
  min_base: 0
  max_days: 14
  min_days: 1
  variants:
  - standard
  time_controls:
  - bullet
  - blitz
  - rapid
  - classical
  modes:
  - casual
  - rated
  bullet_requires_increment: false
  block_list: []
  allow_list: []
greeting:
  hello: Hi! I'm {me}. Good luck! Type !help for a list of commands I can respond
    to.
  goodbye: Good game!
  hello_spectators: Hi! I'm {me}. Type !help for a list of commands I can respond
    to.
  goodbye_spectators: Thanks for watching!
matchmaking:
  allow_matchmaking: false
  challenge_variant: random
  challenge_timeout: 30
  challenge_initial_time:
  - 60
  - 180
  challenge_increment:
  - 1
  - 2
  opponent_rating_difference: 300
  rating_preference: none
  opponent_allow_tos_violation: false
  challenge_mode: random
  challenge_filter: none
  block_list: []
  challenge_days:
  - null
  opponent_min_rating: 600
  opponent_max_rating: 4000
  overrides: {}
pgn_file_grouping: game

2024-01-27 22:11:10,150 lib.config (config.py:262) DEBUG ====================
2024-01-27 22:11:10,150 __main__ (lichess-bot.py:1026) INFO Checking engine configuration ...
2024-01-27 22:11:10,199 lib.engine_wrapper (engine_wrapper.py:65) DEBUG Starting engine: ['/home/luke/projects/pp-project/chess-engine-pp/lichess_bot/engines/MctsEngine']
2024-01-27 22:11:10,199 __main__ (lichess-bot.py:1029) INFO Engine configuration OK
2024-01-27 22:11:10,201 urllib3.connectionpool (connectionpool.py:1052) DEBUG Starting new HTTPS connection (1): lichess.org:443
2024-01-27 22:11:10,344 urllib3.connectionpool (connectionpool.py:546) DEBUG https://lichess.org:443 "POST /api/token/test HTTP/1.1" 200 None
2024-01-27 22:11:10,376 urllib3.connectionpool (connectionpool.py:546) DEBUG https://lichess.org:443 "GET /api/account HTTP/1.1" 200 None
2024-01-27 22:11:10,376 __main__ (lichess-bot.py:1038) INFO Welcome probabilistic-bot!
2024-01-27 22:11:10,377 __main__ (lichess-bot.py:206) INFO You're now connected to https://lichess.org/ and awaiting challenges.
2024-01-27 22:11:10,630 urllib3.connectionpool (connectionpool.py:546) DEBUG https://lichess.org:443 "GET /api/account/playing HTTP/1.1" 200 None
2024-01-27 22:11:10,980 __main__ (lichess-bot.py:370) DEBUG Event: {'type': 'gameStart', 'game': {'fullId': 'ki4gFNqkIdEg', 'gameId': 'ki4gFNqk', 'fen': 'rnbqkbnr/pppppppp/8/8/3P4/8/PPP1PPPP/RNBQKBNR b KQkq - 0 1', 'color': 'black', 'lastMove': 'd2d4', 'source': 'friend', 'status': {'id': 20, 'name': 'started'}, 'variant': {'key': 'standard', 'name': 'Standard'}, 'speed': 'blitz', 'perf': 'blitz', 'rated': False, 'hasMoved': False, 'opponent': {'id': 'luk3k', 'username': 'luk3k', 'rating': 1500}, 'isMyTurn': True, 'secondsLeft': 300, 'compat': {'bot': True, 'board': True}, 'id': 'ki4gFNqk'}}
2024-01-27 22:11:10,980 __main__ (lichess-bot.py:254) INFO --- Process Used. Count: 1. IDs: {'ki4gFNqk'}
2024-01-27 22:11:10,986 urllib3.connectionpool (connectionpool.py:1052) DEBUG Starting new HTTPS connection (1): lichess.org:443
2024-01-27 22:11:11,146 urllib3.connectionpool (connectionpool.py:546) DEBUG https://lichess.org:443 "GET /api/bot/game/stream/ki4gFNqk HTTP/1.1" 200 None
2024-01-27 22:11:11,147 __mp_main__ (lichess-bot.py:572) DEBUG Initial state: {'id': 'ki4gFNqk', 'variant': {'key': 'standard', 'name': 'Standard', 'short': 'Std'}, 'speed': 'blitz', 'perf': {'name': 'Blitz'}, 'rated': False, 'createdAt': 1706389046389, 'white': {'id': 'luk3k', 'name': 'luk3k', 'title': None, 'rating': 1500, 'provisional': True}, 'black': {'id': 'probabilistic-bot', 'name': 'probabilistic-bot', 'title': 'BOT', 'rating': 2000, 'provisional': True}, 'initialFen': 'startpos', 'clock': {'initial': 300000, 'increment': 3000}, 'type': 'gameFull', 'state': {'type': 'gameState', 'moves': 'd2d4', 'wtime': 300000, 'btime': 300000, 'winc': 3000, 'binc': 3000, 'status': 'started'}}
2024-01-27 22:11:11,194 lib.engine_wrapper (engine_wrapper.py:65) DEBUG Starting engine: ['/home/luke/projects/pp-project/chess-engine-pp/lichess_bot/engines/MctsEngine']
2024-01-27 22:11:11,194 __mp_main__ (lichess-bot.py:578) DEBUG The engine for game ki4gFNqk has pid=?
2024-01-27 22:11:11,194 __mp_main__ (lichess-bot.py:581) INFO +++ https://lichess.org/ki4gFNqk/black Blitz vs luk3k (1500?) (ki4gFNqk)
2024-01-27 22:11:11,195 lib.conversation (conversation.py:83) INFO *** https://lichess.org/ki4gFNqk/black [player] probabilistic-bot: Hi! I'm probabilistic-bot. Good luck! Type !help for a list of commands I can respond to.
2024-01-27 22:11:11,195 urllib3.connectionpool (connectionpool.py:1052) DEBUG Starting new HTTPS connection (2): lichess.org:443
2024-01-27 22:11:11,335 urllib3.connectionpool (connectionpool.py:546) DEBUG https://lichess.org:443 "POST /api/bot/game/ki4gFNqk/chat HTTP/1.1" 200 11
2024-01-27 22:11:11,335 lib.conversation (conversation.py:83) INFO *** https://lichess.org/ki4gFNqk/black [spectator] probabilistic-bot: Hi! I'm probabilistic-bot. Type !help for a list of commands I can respond to.
2024-01-27 22:11:11,363 urllib3.connectionpool (connectionpool.py:546) DEBUG https://lichess.org:443 "POST /api/bot/game/ki4gFNqk/chat HTTP/1.1" 200 11
2024-01-27 22:11:11,364 __mp_main__ (lichess-bot.py:688) INFO 
2024-01-27 22:11:11,364 __mp_main__ (lichess-bot.py:689) INFO move: 1
2024-01-27 22:11:11,364 lib.engine_wrapper (engine_wrapper.py:650) INFO Searching for time 10 seconds for game ki4gFNqk
2024-01-27 22:11:17,153 lib.engine_wrapper (engine_wrapper.py:295) INFO Source: Engine
2024-01-27 22:11:17,187 urllib3.connectionpool (connectionpool.py:546) DEBUG https://lichess.org:443 "POST /api/bot/game/ki4gFNqk/move/b8a6?offeringDraw=false HTTP/1.1" 200 11
2024-01-27 22:11:17,187 __mp_main__ (lichess-bot.py:697) DEBUG Game state: {'type': 'chatLine', 'room': 'player', 'username': 'probabilistic-bot', 'text': "Hi! I'm probabilistic-bot. Good luck! Type !help for a list of commands I can respond to."}
2024-01-27 22:11:17,188 lib.conversation (conversation.py:42) INFO *** https://lichess.org/ki4gFNqk/black [player] probabilistic-bot: Hi! I'm probabilistic-bot. Good luck! Type !help for a list of commands I can respond to.
2024-01-27 22:11:17,188 __mp_main__ (lichess-bot.py:697) DEBUG Game state: {'type': 'chatLine', 'room': 'spectator', 'username': 'probabilistic-bot', 'text': "Hi! I'm probabilistic-bot. Type !help for a list of commands I can respond to."}
2024-01-27 22:11:17,188 lib.conversation (conversation.py:42) INFO *** https://lichess.org/ki4gFNqk/black [spectator] probabilistic-bot: Hi! I'm probabilistic-bot. Type !help for a list of commands I can respond to.
2024-01-27 22:11:17,188 __mp_main__ (lichess-bot.py:697) DEBUG Game state: {'type': 'gameState', 'moves': 'd2d4 b8a6', 'wtime': 300000, 'btime': 300000, 'winc': 3000, 'binc': 3000, 'status': 'started'}
2024-01-27 22:11:22,844 __mp_main__ (lichess-bot.py:65) DEBUG Received SIGINT. Terminating client.
2024-01-27 22:11:22,844 __mp_main__ (lichess-bot.py:65) DEBUG Received SIGINT. Terminating client.
2024-01-27 22:11:23,017 __main__ (lichess-bot.py:1091) ERROR Quitting lichess_bot due to an error:
Traceback (most recent call last):
  File "/home/luke/projects/pp-project/chess-engine-pp/lichess_bot/lichess-bot.py", line 1088, in <module>
    start_lichess_bot()
  File "/home/luke/projects/pp-project/chess-engine-pp/lichess_bot/lichess-bot.py", line 1044, in start_lichess_bot
    start(li, user_profile, CONFIG, logging_level, args.logfile, auto_log_filename)
  File "/home/luke/projects/pp-project/chess-engine-pp/lichess_bot/lichess-bot.py", line 228, in start
    lichess_bot_main(li,
  File "/home/luke/projects/pp-project/chess-engine-pp/lichess_bot/lichess-bot.py", line 308, in lichess_bot_main
    event = next_event(control_queue)
  File "/home/luke/projects/pp-project/chess-engine-pp/lichess_bot/lichess-bot.py", line 363, in next_event
    if "type" not in event:
TypeError: argument of type 'NoneType' is not iterable
